<?xml version="1.0" encoding="UTF-8"?>
<!-- Generated by org.testng.reporters.JUnitXMLReporter -->
<testsuite ignored="0" hostname="NBG-ENG-050" failures="0" tests="5" name="run-Menu-test" time="71.262" errors="0" timestamp="2021-04-19T12:50:18 CEST">
  <testcase classname="test.TestPage" name="runingMethod" time="11.522"/>
  <testcase classname="test.TestPage" name="checkNumberOfLocation" time="9.041"/>
  <testcase classname="test.TestPage" name="checkWorkingHoursForSunday" time="8.468"/>
  <testcase classname="test.TestPage" name="checkCanThreeItemsBeAdded" time="12.496"/>
  <testcase classname="test.TestPage" name="checkCanFiveItemsBeAdded" time="23.991"/>
</testsuite> <!-- run-Menu-test -->
